TN:
SF:controllers\gameConfigController.js
FN:3,getConfig
FN:12,setConfig
FNF:2
FNH:2
FNDA:2,getConfig
FNDA:2,setConfig
DA:1,1
DA:2,1
DA:3,1
DA:4,2
DA:5,2
DA:6,1
DA:7,1
DA:8,1
DA:9,1
DA:10,2
DA:11,1
DA:12,1
DA:13,2
DA:14,2
DA:15,1
DA:16,1
DA:17,1
DA:18,1
DA:19,2
LF:19
LH:19
BRDA:3,0,0,2
BRDA:5,1,0,1
BRDA:12,2,0,2
BRDA:14,3,0,1
BRF:4
BRH:4
end_of_record
TN:
SF:controllers\gameController.js
FN:3,createGame
FN:13,getGames
FN:22,getGameById
FN:31,updateGame
FN:40,deleteGame
FN:49,deleteAllGames
FNF:6
FNH:1
FNDA:2,createGame
FNDA:0,getGames
FNDA:0,getGameById
FNDA:0,updateGame
FNDA:0,deleteGame
FNDA:0,deleteAllGames
DA:1,1
DA:2,1
DA:3,1
DA:4,2
DA:5,2
DA:6,2
DA:7,1
DA:8,1
DA:9,1
DA:10,1
DA:11,2
DA:12,1
DA:13,1
DA:14,0
DA:15,0
DA:16,0
DA:17,0
DA:18,0
DA:19,0
DA:20,0
DA:21,1
DA:22,1
DA:23,0
DA:24,0
DA:25,0
DA:26,0
DA:27,0
DA:28,0
DA:29,0
DA:30,1
DA:31,1
DA:32,0
DA:33,0
DA:34,0
DA:35,0
DA:36,0
DA:37,0
DA:38,0
DA:39,1
DA:40,1
DA:41,0
DA:42,0
DA:43,0
DA:44,0
DA:45,0
DA:46,0
DA:47,0
DA:48,1
DA:49,1
DA:50,0
DA:51,0
DA:52,0
DA:53,0
DA:54,0
DA:55,0
DA:56,0
LF:56
LH:21
BRDA:3,0,0,2
BRDA:6,1,0,1
BRF:2
BRH:2
end_of_record
TN:
SF:controllers\index.js
FNF:0
FNH:0
DA:1,1
DA:2,1
DA:3,1
DA:4,1
DA:5,1
DA:6,1
DA:7,1
DA:8,1
LF:8
LH:8
BRF:0
BRH:0
end_of_record
TN:
SF:controllers\roleController.js
FN:3,createRole
FN:13,getRoles
FN:22,updateRole
FN:33,deleteRole
FN:43,deleteAllRoles
FNF:5
FNH:0
FNDA:0,createRole
FNDA:0,getRoles
FNDA:0,updateRole
FNDA:0,deleteRole
FNDA:0,deleteAllRoles
DA:1,1
DA:2,1
DA:3,1
DA:4,0
DA:5,0
DA:6,0
DA:7,0
DA:8,0
DA:9,0
DA:10,0
DA:11,0
DA:12,1
DA:13,1
DA:14,0
DA:15,0
DA:16,0
DA:17,0
DA:18,0
DA:19,0
DA:20,0
DA:21,1
DA:22,1
DA:23,0
DA:24,0
DA:25,0
DA:26,0
DA:27,0
DA:28,0
DA:29,0
DA:30,0
DA:31,0
DA:32,1
DA:33,1
DA:34,0
DA:35,0
DA:36,0
DA:37,0
DA:38,0
DA:39,0
DA:40,0
DA:41,0
DA:42,1
DA:43,1
DA:44,0
DA:45,0
DA:46,0
DA:47,0
DA:48,0
DA:49,0
DA:50,0
LF:50
LH:11
BRF:0
BRH:0
end_of_record
TN:
SF:controllers\userController.js
FN:3,register
FN:13,login
FN:23,getUsers
FN:32,getUserById
FN:42,getUserByEmail
FN:52,updateUser
FN:63,deleteUser
FN:73,deleteAllUsers
FNF:8
FNH:0
FNDA:0,register
FNDA:0,login
FNDA:0,getUsers
FNDA:0,getUserById
FNDA:0,getUserByEmail
FNDA:0,updateUser
FNDA:0,deleteUser
FNDA:0,deleteAllUsers
DA:1,1
DA:2,1
DA:3,1
DA:4,0
DA:5,0
DA:6,0
DA:7,0
DA:8,0
DA:9,0
DA:10,0
DA:11,0
DA:12,1
DA:13,1
DA:14,0
DA:15,0
DA:16,0
DA:17,0
DA:18,0
DA:19,0
DA:20,0
DA:21,0
DA:22,1
DA:23,1
DA:24,0
DA:25,0
DA:26,0
DA:27,0
DA:28,0
DA:29,0
DA:30,0
DA:31,1
DA:32,1
DA:33,0
DA:34,0
DA:35,0
DA:36,0
DA:37,0
DA:38,0
DA:39,0
DA:40,0
DA:41,1
DA:42,1
DA:43,0
DA:44,0
DA:45,0
DA:46,0
DA:47,0
DA:48,0
DA:49,0
DA:50,0
DA:51,1
DA:52,1
DA:53,0
DA:54,0
DA:55,0
DA:56,0
DA:57,0
DA:58,0
DA:59,0
DA:60,0
DA:61,0
DA:62,1
DA:63,1
DA:64,0
DA:65,0
DA:66,0
DA:67,0
DA:68,0
DA:69,0
DA:70,0
DA:71,0
DA:72,1
DA:73,1
DA:74,0
DA:75,0
DA:76,0
DA:77,0
DA:78,0
DA:79,0
DA:80,0
LF:80
LH:17
BRF:0
BRH:0
end_of_record
TN:
SF:controllers\userGameController.js
FN:3,getAllUserGames
FN:12,getUserGameById
FN:21,createUserGame
FN:31,updateUserGame
FN:40,deleteUserGame
FN:49,deleteAllUserGames
FNF:6
FNH:2
FNDA:2,getAllUserGames
FNDA:0,getUserGameById
FNDA:1,createUserGame
FNDA:0,updateUserGame
FNDA:0,deleteUserGame
FNDA:0,deleteAllUserGames
DA:1,2
DA:2,2
DA:3,2
DA:4,2
DA:5,2
DA:6,1
DA:7,1
DA:8,1
DA:9,1
DA:10,2
DA:11,2
DA:12,2
DA:13,0
DA:14,0
DA:15,0
DA:16,0
DA:17,0
DA:18,0
DA:19,0
DA:20,2
DA:21,2
DA:22,1
DA:23,1
DA:24,1
DA:25,1
DA:26,1
DA:27,0
DA:28,0
DA:29,1
DA:30,2
DA:31,2
DA:32,0
DA:33,0
DA:34,0
DA:35,0
DA:36,0
DA:37,0
DA:38,0
DA:39,2
DA:40,2
DA:41,0
DA:42,0
DA:43,0
DA:44,0
DA:45,0
DA:46,0
DA:47,0
DA:48,2
DA:49,2
DA:50,0
DA:51,0
DA:52,0
DA:53,0
DA:54,0
DA:55,0
DA:56,0
LF:56
LH:26
BRDA:3,0,0,2
BRDA:5,1,0,1
BRDA:21,2,0,1
BRDA:26,3,0,0
BRF:4
BRH:3
end_of_record
TN:
SF:controllers\userRoleController.js
FN:3,getUserRoles
FN:12,getUserRoleById
FN:21,assignRoleToUser
FN:32,updateUserRole
FN:41,deleteUserRole
FN:50,deleteAllUserRoles
FNF:6
FNH:2
FNDA:2,getUserRoles
FNDA:0,getUserRoleById
FNDA:2,assignRoleToUser
FNDA:0,updateUserRole
FNDA:0,deleteUserRole
FNDA:0,deleteAllUserRoles
DA:1,1
DA:2,1
DA:3,1
DA:4,2
DA:5,2
DA:6,1
DA:7,1
DA:8,1
DA:9,1
DA:10,2
DA:11,1
DA:12,1
DA:13,0
DA:14,0
DA:15,0
DA:16,0
DA:17,0
DA:18,0
DA:19,0
DA:20,1
DA:21,1
DA:22,2
DA:23,2
DA:24,2
DA:25,2
DA:26,1
DA:27,1
DA:28,1
DA:29,1
DA:30,2
DA:31,1
DA:32,1
DA:33,0
DA:34,0
DA:35,0
DA:36,0
DA:37,0
DA:38,0
DA:39,0
DA:40,1
DA:41,1
DA:42,0
DA:43,0
DA:44,0
DA:45,0
DA:46,0
DA:47,0
DA:48,0
DA:49,1
DA:50,1
DA:51,0
DA:52,0
DA:53,0
DA:54,0
DA:55,0
DA:56,0
DA:57,0
LF:57
LH:29
BRDA:3,0,0,2
BRDA:5,1,0,1
BRDA:21,2,0,2
BRDA:25,3,0,1
BRF:4
BRH:4
end_of_record
TN:
SF:db\mysql.js
FNF:0
FNH:0
DA:1,1
DA:2,1
DA:3,1
DA:4,1
DA:5,1
DA:6,1
DA:7,1
DA:8,1
DA:9,1
DA:10,1
DA:11,1
DA:12,1
DA:13,1
DA:14,1
LF:14
LH:14
BRF:0
BRH:0
end_of_record
TN:
SF:errors\api.error.js
FN:2,ApiError
FN:9,ConflictError
FN:15,BadRequestError
FN:21,NotFoundError
FN:27,UnauthorizedError
FN:33,ForbiddenError
FNF:6
FNH:4
FNDA:7,ApiError
FNDA:1,ConflictError
FNDA:3,BadRequestError
FNDA:3,NotFoundError
FNDA:0,UnauthorizedError
FNDA:0,ForbiddenError
DA:1,1
DA:2,1
DA:3,7
DA:4,7
DA:5,7
DA:6,1
DA:7,1
DA:8,1
DA:9,1
DA:10,1
DA:11,1
DA:12,1
DA:13,1
DA:14,1
DA:15,1
DA:16,3
DA:17,3
DA:18,1
DA:19,1
DA:20,1
DA:21,1
DA:22,3
DA:23,3
DA:24,1
DA:25,1
DA:26,1
DA:27,1
DA:28,0
DA:29,0
DA:30,1
DA:31,1
DA:32,1
DA:33,1
DA:34,0
DA:35,0
DA:36,1
LF:36
LH:32
BRDA:2,0,0,7
BRDA:9,1,0,1
BRDA:15,2,0,3
BRDA:21,3,0,3
BRF:4
BRH:4
end_of_record
TN:
SF:models\Game.js
FN:15,afterBulkDestroy
FNF:1
FNH:0
FNDA:0,afterBulkDestroy
DA:1,1
DA:2,1
DA:3,1
DA:4,1
DA:5,1
DA:6,1
DA:7,1
DA:8,1
DA:9,1
DA:10,1
DA:11,1
DA:12,1
DA:13,1
DA:14,1
DA:15,1
DA:16,0
DA:17,0
DA:18,0
DA:19,0
DA:20,1
DA:21,1
LF:21
LH:17
BRF:0
BRH:0
end_of_record
TN:
SF:models\Role.js
FNF:0
FNH:0
DA:1,1
DA:2,1
DA:3,1
DA:4,1
DA:5,1
DA:6,1
DA:7,1
DA:8,1
DA:9,1
DA:10,1
DA:11,1
LF:11
LH:11
BRF:0
BRH:0
end_of_record
TN:
SF:models\User.js
FN:13,afterBulkDestroy
FNF:1
FNH:0
FNDA:0,afterBulkDestroy
DA:1,1
DA:2,1
DA:3,1
DA:4,1
DA:5,1
DA:6,1
DA:7,1
DA:8,1
DA:9,1
DA:10,1
DA:11,1
DA:12,1
DA:13,1
DA:14,0
DA:15,0
DA:16,0
DA:17,0
DA:18,1
DA:19,1
LF:19
LH:15
BRF:0
BRH:0
end_of_record
TN:
SF:models\UserGame.js
FNF:0
FNH:0
DA:1,1
DA:2,1
DA:3,1
DA:4,1
DA:5,1
DA:6,1
DA:7,1
DA:8,1
DA:9,1
DA:10,1
DA:11,1
DA:12,1
DA:13,1
DA:14,1
DA:15,1
DA:16,1
DA:17,1
DA:18,1
DA:19,1
DA:20,1
DA:21,1
DA:22,1
DA:23,1
DA:24,1
DA:25,1
DA:26,1
LF:26
LH:26
BRF:0
BRH:0
end_of_record
TN:
SF:models\UserRole.js
FNF:0
FNH:0
DA:1,1
DA:2,1
DA:3,1
DA:4,1
DA:5,1
DA:6,1
DA:7,1
DA:8,1
DA:9,1
DA:10,1
DA:11,1
DA:12,1
DA:13,1
DA:14,1
DA:15,1
DA:16,1
DA:17,1
DA:18,1
DA:19,1
DA:20,1
DA:21,1
DA:22,1
DA:23,1
DA:24,1
DA:25,1
LF:25
LH:25
BRF:0
BRH:0
end_of_record
TN:
SF:models\index.js
FNF:0
FNH:0
DA:1,1
DA:2,1
DA:3,1
DA:4,1
DA:5,1
DA:6,1
DA:7,1
DA:8,1
LF:8
LH:8
BRF:0
BRH:0
end_of_record
TN:
SF:models\mongo\GameConfig.js
FNF:0
FNH:0
DA:1,1
DA:2,1
DA:3,1
DA:4,1
DA:5,1
DA:6,1
DA:7,1
DA:8,1
DA:9,1
DA:10,1
LF:10
LH:10
BRF:0
BRH:0
end_of_record
TN:
SF:repository\gameConfigRepository.js
FN:5,getConfigByGameId
FN:9,getUserGameConfig
FN:13,createOrUpdateGameConfig
FN:19,deleteGameConfig
FNF:4
FNH:0
FNDA:0,getConfigByGameId
FNDA:0,getUserGameConfig
FNDA:0,createOrUpdateGameConfig
FNDA:0,deleteGameConfig
DA:1,1
DA:2,1
DA:3,1
DA:4,1
DA:5,1
DA:6,0
DA:7,0
DA:8,1
DA:9,1
DA:10,0
DA:11,0
DA:12,1
DA:13,1
DA:14,0
DA:15,0
DA:16,0
DA:17,0
DA:18,1
DA:19,1
DA:20,0
DA:21,0
DA:22,0
LF:22
LH:11
BRF:0
BRH:0
end_of_record
TN:
SF:repository\gameRepository.js
FN:5,createGame
FN:9,getGameById
FN:13,getGameByTitle
FN:17,getAllGames
FN:21,updateGame
FN:27,deleteGame
FN:34,deleteAllGamesAndResetIndex
FNF:7
FNH:6
FNDA:1,createGame
FNDA:3,getGameById
FNDA:0,getGameByTitle
FNDA:1,getAllGames
FNDA:1,updateGame
FNDA:1,deleteGame
FNDA:1,deleteAllGamesAndResetIndex
DA:1,1
DA:2,1
DA:3,1
DA:4,1
DA:5,1
DA:6,1
DA:7,1
DA:8,1
DA:9,1
DA:10,3
DA:11,3
DA:12,1
DA:13,1
DA:14,0
DA:15,0
DA:16,1
DA:17,1
DA:18,1
DA:19,1
DA:20,1
DA:21,1
DA:22,1
DA:23,1
DA:24,1
DA:25,1
DA:26,1
DA:27,1
DA:28,1
DA:29,1
DA:30,1
DA:31,1
DA:32,1
DA:33,1
DA:34,1
DA:35,1
DA:36,1
DA:37,1
DA:38,1
LF:38
LH:36
BRDA:5,0,0,1
BRDA:9,1,0,3
BRDA:17,2,0,1
BRDA:21,3,0,1
BRDA:23,4,0,0
BRDA:27,5,0,1
BRDA:29,6,0,0
BRDA:34,7,0,1
BRF:8
BRH:6
end_of_record
TN:
SF:repository\index.js
FNF:0
FNH:0
DA:1,1
DA:2,1
DA:3,1
DA:4,1
DA:5,1
DA:6,1
DA:7,1
DA:8,1
LF:8
LH:8
BRF:0
BRH:0
end_of_record
TN:
SF:repository\roleRepository.js
FN:5,createRole
FN:9,getRoleById
FN:13,getRoleByName
FN:17,getAllRoles
FN:21,updateRole
FN:27,deleteRole
FN:34,deleteAllRolesAndResetIndex
FNF:7
FNH:3
FNDA:1,createRole
FNDA:1,getRoleById
FNDA:0,getRoleByName
FNDA:1,getAllRoles
FNDA:0,updateRole
FNDA:0,deleteRole
FNDA:0,deleteAllRolesAndResetIndex
DA:1,1
DA:2,1
DA:3,1
DA:4,1
DA:5,1
DA:6,1
DA:7,1
DA:8,1
DA:9,1
DA:10,1
DA:11,1
DA:12,1
DA:13,1
DA:14,0
DA:15,0
DA:16,1
DA:17,1
DA:18,1
DA:19,1
DA:20,1
DA:21,1
DA:22,0
DA:23,0
DA:24,0
DA:25,0
DA:26,1
DA:27,1
DA:28,0
DA:29,0
DA:30,0
DA:31,0
DA:32,0
DA:33,1
DA:34,1
DA:35,0
DA:36,0
DA:37,0
DA:38,0
LF:38
LH:23
BRDA:5,0,0,1
BRDA:9,1,0,1
BRDA:17,2,0,1
BRF:3
BRH:3
end_of_record
TN:
SF:repository\userGameRepository.js
FN:5,createUserGame
FN:9,getUserGameById
FN:13,getAllUserGames
FN:17,checkIfUserGameExists
FN:22,updateUserGame
FN:28,deleteUserGame
FN:35,deleteAllUserGamesAndResetIndex
FNF:7
FNH:3
FNDA:1,createUserGame
FNDA:0,getUserGameById
FNDA:1,getAllUserGames
FNDA:0,checkIfUserGameExists
FNDA:0,updateUserGame
FNDA:0,deleteUserGame
FNDA:1,deleteAllUserGamesAndResetIndex
DA:1,1
DA:2,1
DA:3,1
DA:4,1
DA:5,1
DA:6,1
DA:7,1
DA:8,1
DA:9,1
DA:10,0
DA:11,0
DA:12,1
DA:13,1
DA:14,1
DA:15,1
DA:16,1
DA:17,1
DA:18,0
DA:19,0
DA:20,0
DA:21,1
DA:22,1
DA:23,0
DA:24,0
DA:25,0
DA:26,0
DA:27,1
DA:28,1
DA:29,0
DA:30,0
DA:31,0
DA:32,0
DA:33,0
DA:34,1
DA:35,1
DA:36,1
DA:37,1
DA:38,1
DA:39,1
LF:39
LH:25
BRDA:5,0,0,1
BRDA:13,1,0,1
BRDA:35,2,0,1
BRF:3
BRH:3
end_of_record
TN:
SF:repository\userRepository.js
FN:5,createUser
FN:9,getUserById
FN:13,getUserByEmail
FN:17,getAllUsers
FN:21,updateUser
FN:27,deleteUser
FN:34,deleteAllUsersAndResetIndex
FNF:7
FNH:4
FNDA:1,createUser
FNDA:1,getUserById
FNDA:1,getUserByEmail
FNDA:1,getAllUsers
FNDA:0,updateUser
FNDA:0,deleteUser
FNDA:0,deleteAllUsersAndResetIndex
DA:1,1
DA:2,1
DA:3,1
DA:4,1
DA:5,1
DA:6,1
DA:7,1
DA:8,1
DA:9,1
DA:10,1
DA:11,1
DA:12,1
DA:13,1
DA:14,1
DA:15,1
DA:16,1
DA:17,1
DA:18,1
DA:19,1
DA:20,1
DA:21,1
DA:22,0
DA:23,0
DA:24,0
DA:25,0
DA:26,1
DA:27,1
DA:28,0
DA:29,0
DA:30,0
DA:31,0
DA:32,0
DA:33,1
DA:34,1
DA:35,0
DA:36,0
DA:37,0
DA:38,0
LF:38
LH:25
BRDA:5,0,0,1
BRDA:9,1,0,1
BRDA:13,2,0,1
BRDA:17,3,0,1
BRF:4
BRH:4
end_of_record
TN:
SF:repository\userRoleRepository.js
FN:5,assignRoleToUser
FN:10,removeRoleFromUser
FN:17,getRolesForUser
FN:21,getUsersWithRole
FN:24,checkIfUserRoleExists
FN:29,deleteAllUserRolesAndResetIndex
FNF:6
FNH:0
FNDA:0,assignRoleToUser
FNDA:0,removeRoleFromUser
FNDA:0,getRolesForUser
FNDA:0,getUsersWithRole
FNDA:0,checkIfUserRoleExists
FNDA:0,deleteAllUserRolesAndResetIndex
DA:1,1
DA:2,1
DA:3,1
DA:4,1
DA:5,1
DA:6,0
DA:7,0
DA:8,0
DA:9,1
DA:10,1
DA:11,0
DA:12,0
DA:13,0
DA:14,0
DA:15,0
DA:16,1
DA:17,1
DA:18,0
DA:19,0
DA:20,1
DA:21,1
DA:22,0
DA:23,0
DA:24,1
DA:25,0
DA:26,0
DA:27,0
DA:28,1
DA:29,1
DA:30,0
DA:31,0
DA:32,0
DA:33,0
LF:33
LH:14
BRF:0
BRH:0
end_of_record
TN:
SF:routes\gameConfig.js
FNF:0
FNH:0
DA:1,1
DA:2,1
DA:3,1
DA:4,1
DA:5,1
DA:6,1
DA:7,1
DA:8,1
DA:9,1
LF:9
LH:9
BRF:0
BRH:0
end_of_record
TN:
SF:routes\games.js
FNF:0
FNH:0
DA:1,1
DA:2,1
DA:3,1
DA:4,1
DA:5,1
DA:6,1
DA:7,1
DA:8,1
DA:9,1
DA:10,1
DA:11,1
DA:12,1
DA:13,1
LF:13
LH:13
BRF:0
BRH:0
end_of_record
TN:
SF:routes\roles.js
FNF:0
FNH:0
DA:1,1
DA:2,1
DA:3,1
DA:4,1
DA:5,1
DA:6,1
DA:7,1
DA:8,1
DA:9,1
DA:10,1
DA:11,1
DA:12,1
LF:12
LH:12
BRF:0
BRH:0
end_of_record
TN:
SF:routes\userGame.js
FNF:0
FNH:0
DA:1,1
DA:2,1
DA:3,1
DA:4,1
DA:5,1
DA:6,1
DA:7,1
DA:8,1
DA:9,1
DA:10,1
DA:11,1
DA:12,1
DA:13,1
DA:14,1
LF:14
LH:14
BRF:0
BRH:0
end_of_record
TN:
SF:routes\userRole.js
FNF:0
FNH:0
DA:1,1
DA:2,1
DA:3,1
DA:4,1
DA:5,1
DA:6,1
DA:7,1
DA:8,1
DA:9,1
DA:10,1
DA:11,1
DA:12,1
DA:13,1
LF:13
LH:13
BRF:0
BRH:0
end_of_record
TN:
SF:routes\users.js
FNF:0
FNH:0
DA:1,1
DA:2,1
DA:3,1
DA:4,1
DA:5,1
DA:6,1
DA:7,1
DA:8,1
DA:9,1
DA:10,1
DA:11,1
DA:12,1
DA:13,1
DA:14,1
DA:15,1
LF:15
LH:15
BRF:0
BRH:0
end_of_record
TN:
SF:services\gameConfigService.js
FN:3,getGameConfigByGameId
FN:7,createOrUpdateGameConfig
FN:15,getConfig
FN:19,setConfig
FNF:4
FNH:0
FNDA:0,getGameConfigByGameId
FNDA:0,createOrUpdateGameConfig
FNDA:0,getConfig
FNDA:0,setConfig
DA:1,1
DA:2,1
DA:3,1
DA:4,0
DA:5,0
DA:6,1
DA:7,1
DA:8,0
DA:9,0
DA:10,0
DA:11,0
DA:12,0
DA:13,0
DA:14,1
DA:15,1
DA:16,0
DA:17,0
DA:18,1
DA:19,1
DA:20,0
DA:21,0
DA:22,0
DA:23,0
DA:24,0
DA:25,0
LF:25
LH:9
BRF:0
BRH:0
end_of_record
TN:
SF:services\gameService.js
FN:4,createGame
FN:18,getAllGames
FN:32,getGameById
FN:46,updateGame
FN:63,deleteGame
FN:70,deleteAllGames
FNF:6
FNH:2
FNDA:2,createGame
FNDA:1,getAllGames
FNDA:0,getGameById
FNDA:0,updateGame
FNDA:0,deleteGame
FNDA:0,deleteAllGames
DA:1,1
DA:2,1
DA:3,1
DA:4,1
DA:5,2
DA:6,0
DA:7,0
DA:8,0
DA:9,2
DA:10,2
DA:11,0
DA:12,0
DA:13,2
DA:14,2
DA:15,1
DA:16,1
DA:17,1
DA:18,1
DA:19,1
DA:20,1
DA:21,1
DA:22,1
DA:23,1
DA:24,1
DA:25,1
DA:26,1
DA:27,1
DA:28,1
DA:29,1
DA:30,1
DA:31,1
DA:32,1
DA:33,0
DA:34,0
DA:35,0
DA:36,0
DA:37,0
DA:38,0
DA:39,0
DA:40,0
DA:41,0
DA:42,0
DA:43,0
DA:44,0
DA:45,1
DA:46,1
DA:47,0
DA:48,0
DA:49,0
DA:50,0
DA:51,0
DA:52,0
DA:53,0
DA:54,0
DA:55,0
DA:56,0
DA:57,0
DA:58,0
DA:59,0
DA:60,0
DA:61,0
DA:62,1
DA:63,1
DA:64,0
DA:65,0
DA:66,0
DA:67,0
DA:68,0
DA:69,1
DA:70,1
DA:71,0
DA:72,0
LF:72
LH:33
BRDA:4,0,0,2
BRDA:5,1,0,0
BRDA:10,2,0,0
BRDA:15,3,0,1
BRDA:18,4,0,1
BRDA:20,5,0,1
BRF:6
BRH:4
end_of_record
TN:
SF:services\index.js
FNF:0
FNH:0
DA:1,1
DA:2,1
DA:3,1
DA:4,1
DA:5,1
DA:6,1
DA:7,1
DA:8,1
LF:8
LH:8
BRF:0
BRH:0
end_of_record
TN:
SF:services\roleService.js
FN:4,createRole
FN:16,getRoleById
FN:27,getRoleByName
FN:38,getAllRoles
FN:51,updateRole
FN:68,deleteRole
FN:77,deleteAllRoles
FNF:7
FNH:2
FNDA:3,createRole
FNDA:2,getRoleById
FNDA:0,getRoleByName
FNDA:0,getAllRoles
FNDA:0,updateRole
FNDA:0,deleteRole
FNDA:0,deleteAllRoles
DA:1,1
DA:2,1
DA:3,1
DA:4,1
DA:5,3
DA:6,1
DA:7,1
DA:8,2
DA:9,3
DA:10,0
DA:11,0
DA:12,2
DA:13,2
DA:14,2
DA:15,1
DA:16,1
DA:17,2
DA:18,2
DA:19,1
DA:20,1
DA:21,1
DA:22,1
DA:23,1
DA:24,1
DA:25,1
DA:26,1
DA:27,1
DA:28,0
DA:29,0
DA:30,0
DA:31,0
DA:32,0
DA:33,0
DA:34,0
DA:35,0
DA:36,0
DA:37,1
DA:38,1
DA:39,0
DA:40,0
DA:41,0
DA:42,0
DA:43,0
DA:44,0
DA:45,0
DA:46,0
DA:47,0
DA:48,1
DA:49,1
DA:50,1
DA:51,1
DA:52,0
DA:53,0
DA:54,0
DA:55,0
DA:56,0
DA:57,0
DA:58,0
DA:59,0
DA:60,0
DA:61,0
DA:62,0
DA:63,0
DA:64,0
DA:65,0
DA:66,0
DA:67,1
DA:68,1
DA:69,0
DA:70,0
DA:71,0
DA:72,0
DA:73,0
DA:74,1
DA:75,1
DA:76,1
DA:77,1
DA:78,0
DA:79,0
LF:79
LH:37
BRDA:4,0,0,3
BRDA:5,1,0,1
BRDA:7,2,0,2
BRDA:9,3,0,0
BRDA:11,4,0,2
BRDA:16,5,0,2
BRDA:18,6,0,1
BRF:7
BRH:6
end_of_record
TN:
SF:services\userGameService.js
FN:4,createUserGame
FN:20,getAllUserGames
FN:31,getUserGameById
FN:43,updateUserGame
FN:63,deleteUserGame
FN:71,deleteAllUserGames
FNF:6
FNH:0
FNDA:0,createUserGame
FNDA:0,getAllUserGames
FNDA:0,getUserGameById
FNDA:0,updateUserGame
FNDA:0,deleteUserGame
FNDA:0,deleteAllUserGames
DA:1,1
DA:2,1
DA:3,1
DA:4,1
DA:5,0
DA:6,0
DA:7,0
DA:8,0
DA:9,0
DA:10,0
DA:11,0
DA:12,0
DA:13,0
DA:14,0
DA:15,0
DA:16,0
DA:17,0
DA:18,0
DA:19,1
DA:20,1
DA:21,0
DA:22,0
DA:23,0
DA:24,0
DA:25,0
DA:26,0
DA:27,0
DA:28,0
DA:29,0
DA:30,1
DA:31,1
DA:32,0
DA:33,0
DA:34,0
DA:35,0
DA:36,0
DA:37,0
DA:38,0
DA:39,0
DA:40,0
DA:41,1
DA:42,1
DA:43,1
DA:44,0
DA:45,0
DA:46,0
DA:47,0
DA:48,0
DA:49,0
DA:50,0
DA:51,0
DA:52,0
DA:53,0
DA:54,0
DA:55,0
DA:56,0
DA:57,0
DA:58,0
DA:59,0
DA:60,0
DA:61,0
DA:62,1
DA:63,1
DA:64,0
DA:65,0
DA:66,0
DA:67,0
DA:68,0
DA:69,0
DA:70,1
DA:71,1
DA:72,0
DA:73,0
LF:73
LH:15
BRF:0
BRH:0
end_of_record
TN:
SF:services\userRoleService.js
FN:5,assignRoleToUser
FN:22,getUserRoles
FN:33,getUserRoleById
FN:45,updateUserRole
FN:65,deleteUserRole
FN:73,deleteAllUserRoles
FNF:6
FNH:5
FNDA:4,assignRoleToUser
FNDA:1,getUserRoles
FNDA:2,getUserRoleById
FNDA:1,updateUserRole
FNDA:0,deleteUserRole
FNDA:1,deleteAllUserRoles
DA:1,1
DA:2,1
DA:3,1
DA:4,1
DA:5,1
DA:6,4
DA:7,4
DA:8,1
DA:9,1
DA:10,3
DA:11,3
DA:12,4
DA:13,1
DA:14,1
DA:15,2
DA:16,4
DA:17,1
DA:18,1
DA:19,1
DA:20,1
DA:21,1
DA:22,1
DA:23,1
DA:24,1
DA:25,2
DA:26,2
DA:27,2
DA:28,2
DA:29,1
DA:30,1
DA:31,1
DA:32,1
DA:33,1
DA:34,2
DA:35,2
DA:36,1
DA:37,1
DA:38,1
DA:39,1
DA:40,1
DA:41,1
DA:42,1
DA:43,1
DA:44,1
DA:45,1
DA:46,1
DA:47,1
DA:48,1
DA:49,0
DA:50,0
DA:51,1
DA:52,0
DA:53,0
DA:54,0
DA:55,0
DA:56,0
DA:57,0
DA:58,0
DA:59,0
DA:60,0
DA:61,0
DA:62,0
DA:63,0
DA:64,1
DA:65,1
DA:66,0
DA:67,0
DA:68,0
DA:69,0
DA:70,0
DA:71,0
DA:72,1
DA:73,1
DA:74,1
DA:75,1
LF:75
LH:55
BRDA:5,0,0,4
BRDA:7,1,0,3
BRDA:7,2,0,1
BRDA:9,3,0,3
BRDA:12,4,0,2
BRDA:12,5,0,1
BRDA:14,6,0,2
BRDA:16,7,0,1
BRDA:22,8,0,1
BRDA:24,9,0,2
BRDA:33,10,0,2
BRDA:35,11,0,1
BRDA:45,12,0,1
BRDA:46,13,0,0
BRDA:48,14,0,0
BRDA:51,15,0,0
BRDA:73,16,0,1
BRF:17
BRH:14
end_of_record
TN:
SF:services\userService.js
FN:7,register
FN:23,login
FN:36,getUserById
FN:47,getUserByEmail
FN:58,getAllUsers
FN:70,updateUser
FN:91,deleteUser
FN:98,deleteAllUsers
FNF:8
FNH:0
FNDA:0,register
FNDA:0,login
FNDA:0,getUserById
FNDA:0,getUserByEmail
FNDA:0,getAllUsers
FNDA:0,updateUser
FNDA:0,deleteUser
FNDA:0,deleteAllUsers
DA:1,1
DA:2,1
DA:3,1
DA:4,1
DA:5,1
DA:6,1
DA:7,1
DA:8,0
DA:9,0
DA:10,0
DA:11,0
DA:12,0
DA:13,0
DA:14,0
DA:15,0
DA:16,0
DA:17,0
DA:18,0
DA:19,0
DA:20,0
DA:21,0
DA:22,1
DA:23,1
DA:24,0
DA:25,0
DA:26,0
DA:27,0
DA:28,0
DA:29,0
DA:30,0
DA:31,0
DA:32,0
DA:33,0
DA:34,0
DA:35,1
DA:36,1
DA:37,0
DA:38,0
DA:39,0
DA:40,0
DA:41,0
DA:42,0
DA:43,0
DA:44,0
DA:45,0
DA:46,1
DA:47,1
DA:48,0
DA:49,0
DA:50,0
DA:51,0
DA:52,0
DA:53,0
DA:54,0
DA:55,0
DA:56,0
DA:57,1
DA:58,1
DA:59,0
DA:60,0
DA:61,0
DA:62,0
DA:63,0
DA:64,0
DA:65,0
DA:66,0
DA:67,0
DA:68,1
DA:69,1
DA:70,1
DA:71,0
DA:72,0
DA:73,0
DA:74,0
DA:75,0
DA:76,0
DA:77,0
DA:78,0
DA:79,0
DA:80,0
DA:81,0
DA:82,0
DA:83,0
DA:84,0
DA:85,0
DA:86,0
DA:87,0
DA:88,0
DA:89,1
DA:90,1
DA:91,1
DA:92,0
DA:93,0
DA:94,0
DA:95,0
DA:96,0
DA:97,1
DA:98,1
DA:99,0
DA:100,0
LF:100
LH:23
BRF:0
BRH:0
end_of_record
TN:
SF:utils\generateToken.js
FN:5,generateToken
FNF:1
FNH:0
FNDA:0,generateToken
DA:1,1
DA:2,1
DA:3,1
DA:4,1
DA:5,1
DA:6,0
DA:7,0
DA:8,0
DA:9,0
DA:10,0
DA:11,0
DA:12,0
DA:13,0
DA:14,0
DA:15,0
DA:16,0
DA:17,0
DA:18,0
DA:19,0
DA:20,0
DA:21,0
DA:22,0
DA:23,0
LF:23
LH:5
BRF:0
BRH:0
end_of_record
